<?xml version="1.0" encoding="UTF-8"?>
<coverage generated="1660290193670" clover="3.2.0">
  <project timestamp="1660290193670" name="All files">
    <metrics statements="8" coveredstatements="8" conditionals="8" coveredconditionals="8" methods="1" coveredmethods="1" elements="17" coveredelements="17" complexity="0" loc="8" ncloc="8" packages="1" files="1" classes="1"/>
    <file name="index.tsx" path="/Users/vinceredigital/PROJECT/react-vlag/src/components/switch/index.tsx">
      <metrics statements="8" coveredstatements="8" conditionals="8" coveredconditionals="8" methods="1" coveredmethods="1"/>
      <line num="1" count="1" type="stmt"/>
      <line num="2" count="1" type="stmt"/>
      <line num="9" count="1" type="stmt"/>
      <line num="10" count="3" type="cond" truecount="2" falsecount="0"/>
      <line num="11" count="3" type="cond" truecount="2" falsecount="0"/>
      <line num="12" count="3" type="stmt"/>
      <line num="14" count="3" type="stmt"/>
      <line num="33" count="1" type="stmt"/>
    </file>
  </project>
</coverage>
